[0.000000] (-) TimerEvent: {}
[0.000207] (drone_delivery) JobQueued: {'identifier': 'drone_delivery', 'dependencies': OrderedDict()}
[0.000397] (drone_delivery) JobStarted: {'identifier': 'drone_delivery'}
[0.099888] (-) TimerEvent: {}
[0.200147] (-) TimerEvent: {}
[0.300570] (-) TimerEvent: {}
[0.400862] (-) TimerEvent: {}
[0.436780] (drone_delivery) StderrLine: {'line': b'Traceback (most recent call last):\n  File "/usr/lib/python3/dist-packages/colcon_parallel_executor/executor/parallel.py", line 75, in execute\n    loop.run_until_complete(future)\n  File "/usr/lib/python3.12/asyncio/base_events.py", line 674, in run_until_complete\n    self.run_forever()\n  File "/usr/lib/python3.12/asyncio/base_events.py", line 641, in run_forever\n    self._run_once()\n  File "/usr/lib/python3.12/asyncio/base_events.py", line 1949, in _run_once\n    event_list = self._selector.select(timeout)\n                 ^^^^^^^^^^^^^^^^^^^^^^^^^^^^^^\n  File "/usr/lib/python3.12/selectors.py", line 468, in select\n    fd_event_list = self._selector.poll(timeout, max_ev)\n                    ^^^^^^^^^^^^^^^^^^^^^^^^^^^^^^^^^^^^\nKeyboardInterrupt\n\nDuring handling of the above exception, another exception occurred:\n\nTraceback (most recent call last):\n  File "/usr/lib/python3/dist-packages/colcon_core/executor/__init__.py", line 91, in __call__\n    rc = await self.task(*args, **kwargs)\n         ^^^^^^^^^^^^^^^^^^^^^^^^^^^^^^^^\n  File "/usr/lib/python3/dist-packages/colcon_core/task/__init__.py", line 93, in __call__\n    return await task_method(*args, **kwargs)\n           ^^^^^^^^^^^^^^^^^^^^^^^^^^^^^^^^^^\n  File "/usr/lib/python3/dist-packages/colcon_ros/task/ament_python/build.py", line 102, in build\n    return await extension.build(additional_hooks=additional_hooks)\n           ^^^^^^^^^^^^^^^^^^^^^^^^^^^^^^^^^^^^^^^^^^^^^^^^^^^^^^^^\n  File "/usr/lib/python3/dist-packages/colcon_core/task/python/build.py", line 94, in build\n    available_commands = await self._get_available_commands(\n                         ^^^^^^^^^^^^^^^^^^^^^^^^^^^^^^^^^^^\n  File "/usr/lib/python3/dist-packages/colcon_core/task/python/build.py", line 192, in _get_available_commands\n    output = await check_output(\n             ^^^^^^^^^^^^^^^^^^^\n  File "/usr/lib/python3/dist-packages/colcon_core/subprocess.py", line 129, in check_output\n    assert not rc, f\'Expected {args} to pass: {stderr_data}\'\n           ^^^^^^\nAssertionError: Expected [\'/usr/bin/python3\', \'-W\', \'ignore:setup.py install is deprecated\', \'setup.py\', \'--help-commands\'] to pass: Traceback (most recent call last):\n  File "/home/loris/Documents/Projects/ROS2/drone_delivery/setup.py", line 11, in <module>\n    setup(\n  File "/usr/lib/python3/dist-packages/setuptools/__init__.py", line 107, in setup\n    return distutils.core.setup(**attrs)\n           ^^^^^^^^^^^^^^^^^^^^^^^^^^^^^\n  File "/usr/lib/python3/dist-packages/setuptools/_distutils/core.py", line 172, in setup\n    ok = dist.parse_command_line()\n         ^^^^^^^^^^^^^^^^^^^^^^^^^\n  File "/usr/lib/python3/dist-packages/setuptools/_distutils/dist.py", line 472, in parse_command_line\n    if self.handle_display_options(option_order):\n       ^^^^^^^^^^^^^^^^^^^^^^^^^^^^^^^^^^^^^^^^^\n  File "/usr/lib/python3/dist-packages/setuptools/dist.py", line 1209, in handle_display_options\n    return _Distribution.handle_display_options(self, option_order)\n           ^^^^^^^^^^^^^^^^^^^^^^^^^^^^^^^^^^^^^^^^^^^^^^^^^^^^^^^^\n  File "/usr/lib/python3/dist-packages/setuptools/_distutils/dist.py", line 686, in handle_display_options\n    self.print_commands()\n  File "/usr/lib/python3/dist-packages/setuptools/dist.py", line 986, in print_commands\n    for ep in metadata.entry_points(group=\'distutils.commands\'):\n              ^^^^^^^^^^^^^^^^^^^^^^^^^^^^^^^^^^^^^^^^^^^^^^^^^\n  File "/usr/lib/python3.12/importlib/metadata/__init__.py", line 913, in entry_points\n    return EntryPoints(eps).select(**params)\n           ^^^^^^^^^^^^^^^^\n  File "/usr/lib/python3.12/importlib/metadata/__init__.py", line 911, in <genexpr>\n    dist.entry_points for dist in _unique(distributions())\n    ^^^^^^^^^^^^^^^^^\n  File "/usr/lib/python3.12/importlib/metadata/__init__.py", line 471, in entry_points\n    return EntryPoints._from_text_for(self.read_text(\'entry_points.txt\'), self)\n           ^^^^^^^^^^^^^^^^^^^^^^^^^^^^^^^^^^^^^^^^^^^^^^^^^^^^^^^^^^^^^^^^^^^^\n  File "/usr/lib/python3.12/importlib/metadata/__init__.py", line 312, in _from_text_for\n    return cls(ep._for(dist) for ep in cls._from_text(text))\n           ^^^^^^^^^^^^^^^^^^^^^^^^^^^^^^^^^^^^^^^^^^^^^^^^^\n  File "/usr/lib/python3.12/importlib/metadata/__init__.py", line 312, in <genexpr>\n    return cls(ep._for(dist) for ep in cls._from_text(text))\n              ^^^^^^^^^^^^^^^^^^^^^^^^^^^^^^^^^^^^^^^^^^^^^^\n  File "/usr/lib/python3.12/importlib/metadata/__init__.py", line 316, in <genexpr>\n    return (\n           ^\n  File "/usr/lib/python3.12/importlib/metadata/__init__.py", line 103, in <genexpr>\n    return (\n           ^\n  File "/usr/lib/python3.12/importlib/metadata/__init__.py", line 113, in read\n    for value in lines:\n  File "/usr/lib/python3.12/importlib/metadata/__init__.py", line 120, in valid\n    @staticmethod\n\nKeyboardInterrupt\n\n'}
[0.437420] (drone_delivery) JobEnded: {'identifier': 'drone_delivery', 'rc': 'SIGINT'}
[0.447311] (-) EventReactorShutdown: {}
